<?xml version="1.0" encoding="UTF-8"?>
<!-- Generated by org.testng.reporters.JUnitXMLReporter -->
<testsuite hostname="DESKTOP-GTBGP27" failures="0" tests="8" name="Test" time="0.093" errors="0" timestamp="19 Jul 2022 14:55:55 GMT">
  <testcase classname="org.practice.Practice3Test" name="m1Test" time="0.018"/>
  <testcase classname="org.practice.Practice3Test" name="m2Test" time="0.002"/>
  <testcase classname="org.practice.Practice3Test" name="m3Test" time="0.002"/>
  <testcase classname="org.practice.Practice1Test" name="practice1Test" time="0.006"/>
  <testcase classname="org.practice.Practice1Test" name="practice2Test" time="0.002"/>
  <testcase classname="org.practice.Practice1Test" name="practice3Test" time="0.002"/>
  <testcase classname="org.practice.Practice2Test" name="displayTest" time="0.003"/>
  <testcase classname="org.practice.Practice2Test" name="m2Test" time="0.001"/>
</testsuite> <!-- Test -->
