<?xml version="1.0" encoding="UTF-8"?>
<testng-results total="8" passed="8" failed="0" skipped="0">
  <reporter-output>
    <line>
      <![CDATA[Executing Test1]]>
    </line>
    <line>
      <![CDATA[Executing Test2]]>
    </line>
    <line>
      <![CDATA[Executing Test3]]>
    </line>
  </reporter-output>
  <suite started-at="2022-07-19T14:55:55Z" name="Suite" finished-at="2022-07-19T14:55:55Z" duration-ms="93">
    <groups>
    </groups>
    <test started-at="2022-07-19T14:55:55Z" name="Test" finished-at="2022-07-19T14:55:55Z" duration-ms="93">
      <class name="org.practice.Practice1Test">
        <test-method signature="practice1Test()[pri:0, instance:org.practice.Practice1Test@6f7923a5]" started-at="2022-07-19T10:55:55Z" name="practice1Test" finished-at="2022-07-19T10:55:55Z" duration-ms="6" status="PASS">
          <reporter-output>
            <line>
              <![CDATA[Executing Test1]]>
            </line>
          </reporter-output>
        </test-method> <!-- practice1Test -->
        <test-method signature="practice2Test()[pri:0, instance:org.practice.Practice1Test@6f7923a5]" started-at="2022-07-19T10:55:55Z" name="practice2Test" finished-at="2022-07-19T10:55:55Z" duration-ms="2" status="PASS">
          <reporter-output>
            <line>
              <![CDATA[Executing Test2]]>
            </line>
          </reporter-output>
        </test-method> <!-- practice2Test -->
        <test-method signature="practice3Test()[pri:0, instance:org.practice.Practice1Test@6f7923a5]" started-at="2022-07-19T10:55:55Z" name="practice3Test" finished-at="2022-07-19T10:55:55Z" duration-ms="2" status="PASS">
          <reporter-output>
            <line>
              <![CDATA[Executing Test3]]>
            </line>
          </reporter-output>
        </test-method> <!-- practice3Test -->
      </class> <!-- org.practice.Practice1Test -->
      <class name="org.practice.Practice3Test">
        <test-method signature="m1Test()[pri:0, instance:org.practice.Practice3Test@43b9fd5]" started-at="2022-07-19T10:55:55Z" name="m1Test" finished-at="2022-07-19T10:55:55Z" duration-ms="18" status="PASS">
          <reporter-output>
          </reporter-output>
        </test-method> <!-- m1Test -->
        <test-method signature="m2Test()[pri:0, instance:org.practice.Practice3Test@43b9fd5]" started-at="2022-07-19T10:55:55Z" name="m2Test" finished-at="2022-07-19T10:55:55Z" duration-ms="2" status="PASS">
          <reporter-output>
          </reporter-output>
        </test-method> <!-- m2Test -->
        <test-method signature="m3Test()[pri:0, instance:org.practice.Practice3Test@43b9fd5]" started-at="2022-07-19T10:55:55Z" name="m3Test" finished-at="2022-07-19T10:55:55Z" duration-ms="2" status="PASS">
          <reporter-output>
          </reporter-output>
        </test-method> <!-- m3Test -->
      </class> <!-- org.practice.Practice3Test -->
      <class name="org.practice.Practice2Test">
        <test-method signature="displayTest()[pri:0, instance:org.practice.Practice2Test@74a6f9c1]" started-at="2022-07-19T10:55:55Z" name="displayTest" finished-at="2022-07-19T10:55:55Z" duration-ms="3" status="PASS">
          <reporter-output>
          </reporter-output>
        </test-method> <!-- displayTest -->
        <test-method signature="m2Test()[pri:0, instance:org.practice.Practice2Test@74a6f9c1]" started-at="2022-07-19T10:55:55Z" name="m2Test" finished-at="2022-07-19T10:55:55Z" duration-ms="1" status="PASS">
          <reporter-output>
          </reporter-output>
        </test-method> <!-- m2Test -->
      </class> <!-- org.practice.Practice2Test -->
    </test> <!-- Test -->
  </suite> <!-- Suite -->
</testng-results>
